<?xml version="1.0" encoding="UTF-8"?>
<!-- Generated by org.testng.reporters.JUnitXMLReporter -->
<testsuite ignored="0" hostname="Feba" failures="0" tests="5" name="Test" time="8.794" errors="0" timestamp="2024-09-03T19:16:25 IST">
  <testcase classname="Testcases.StayTest" name="StayButtonOnClick" time="4.112"/>
  <testcase classname="Testcases.StayTest" name="StayDetails" time="1.108"/>
  <testcase classname="Testcases.StayTest" name="testStayPage" time="0.005"/>
  <testcase classname="Testcases.StayTest" name="choose_Location" time="0.465"/>
  <testcase classname="Testcases.StayTest" name="selectCheckinDate" time="0.23"/>
</testsuite> <!-- Test -->
