<?xml version="1.0" encoding="UTF-8"?>
<!-- Generated by org.testng.reporters.JUnitXMLReporter -->
<testsuite ignored="0" hostname="Feba" failures="0" tests="4" name="Test" time="9.284" errors="0" timestamp="2024-09-03T02:49:37 IST">
  <testcase classname="Testcases.StayTest" name="StayButtonOnClick" time="4.32"/>
  <testcase classname="Testcases.StayTest" name="StayDetails" time="1.225"/>
  <testcase classname="Testcases.StayTest" name="choose_Location" time="0.63"/>
  <testcase classname="Testcases.StayTest" name="testStayPage" time="0.005"/>
</testsuite> <!-- Test -->
