<?xml version="1.0" encoding="UTF-8"?>
<testng-results ignored="0" total="1" passed="1" failed="0" skipped="0">
  <reporter-output>
  </reporter-output>
  <suite started-at="2024-08-30T23:24:21 IST" name="Suite" finished-at="2024-08-30T23:24:29 IST" duration-ms="8005">
    <groups>
    </groups>
    <test started-at="2024-08-30T23:24:21 IST" name="Test" finished-at="2024-08-30T23:24:29 IST" duration-ms="8005">
      <class name="Testcases.HomeTest">
        <test-method is-config="true" signature="setup()[pri:0, instance:Testcases.HomeTest@7c56e013]" started-at="2024-08-30T23:24:21 IST" name="setup" finished-at="2024-08-30T23:24:27 IST" duration-ms="5442" status="PASS">
          <reporter-output>
          </reporter-output>
        </test-method> <!-- setup -->
        <test-method signature="handling_Popup()[pri:0, instance:Testcases.HomeTest@7c56e013]" started-at="2024-08-30T23:24:27 IST" name="handling_Popup" finished-at="2024-08-30T23:24:29 IST" duration-ms="2515" status="PASS">
          <reporter-output>
          </reporter-output>
        </test-method> <!-- handling_Popup -->
      </class> <!-- Testcases.HomeTest -->
    </test> <!-- Test -->
  </suite> <!-- Suite -->
</testng-results>
